gavrasm Gerd's AVR assembler version 5.4 (C)2022 by DG4FAC
----------------------------------------------------------

Path:        C:\Users\joaop\Documents\Codigos Meus\Arquitetura e Organização de computadores I\Calculadora ASM\
Source file: Calculadora ASM.asm
Hex file:    Calculadora ASM.hex
Eeprom file: Calculadora ASM.eep
Compiled:    08.05.2023, 01:20:53
Pass:        2

     1: .include "m328pdef.inc"
 -> Warning 009: Include defs not necessary, using internal values!
   File: C:\Users\joaop\Documents\Codigos Meus\Arquitetura e Organização de computadores I\Calculadora ASM\Calculadora ASM.asm, Line: 1
   Source line: .include "m328pdef.inc"
     2: 
     3: .org 0000
     4: 
     5: Main:
     6:     ; Configura os pinos do PORTB como entrada
     7: 000000   E000  LDI R16, 0b00000000
     8: 000001   B904  OUT DDRB, R16
     9: 
    10:     ; Configura os pinos do PORTC como entrada
    11: 000002   E000  LDI R16, 0b00000000
    12: 000003   B907  OUT DDRC, R16
    13: 
    14:     ; Configura os pinos do PORTD como saída
    15: 000004   EF0F  LDI R16, 0b11111111
    16: 000005   B90A  OUT DDRD, R16
    17: 
    18: Loop:
    19:     ; Lê o primeiro operando do PORTB
    20: 000006   B103  IN R16, PINB
    21: 
    22:     ; Lê a operação a ser realizada do PORTC
    23: 000007   B116  IN R17, PINC
    24: 
    25:     ; Lê o segundo operando do PORTB
    26: 000008   B123  IN R18, PINB
    27: 
    28: Soma:
    29: 000009   0F02  ADD R16, R18 ; Soma os operandos e armazena o resultado em R16
    30: 00000A   940C  JMP EscreveResultado
        00000B   000C
    31: 
    32: EscreveResultado:
    33:     ; Escreve o resultado no PORTD
    34: 00000C   B90B  OUT PORTD, R16
    35: 
    36:     ; Pula para o próximo ciclo do loop
    37: 00000D   CFF8  RJMP Loop
    38: 

List of symbols:
Type nDef nUsed             Decimalval           Hexval Name
  T     1     1                    171               AB ATMEGA328P
  L     1     0                      0               00 MAIN
  L     1     2                      6               06 LOOP
  L     1     0                      9               09 SOMA
  L     1     1                     12               0C ESCREVERESULTADO
  C     1     0                     23               17 NOW_Y
  C     1     0                      5               05 NOW_M
  C     1     0                      8               08 NOW_D
  C     1     0                  45054             AFFE NOW_I
   No macros.

Program             :       14 words.
Constants           :        0 words.
Total program memory:       14 words.
Eeprom space        :        0 bytes.
Data segment        :        0 bytes.
Compilation completed, no errors.
Compilation ended 08.05.2023, 01:20:53
